2020-01-24 18:46:14 [INFO] pandownload version: 2.2.2
2020-01-24 18:46:16 [INFO] aria2 websocket connection opened (127.0.0.1:36974)
2020-01-24 18:46:16 [INFO] aria2 version: 1.35.1
2020-01-24 18:46:16 [INFO] aria2 json-rpc path: http://token:pandownload@127.0.0.1:36974/jsonrpc
2020-01-24 18:46:17 [INFO] create main window
2020-01-24 18:46:17 [INFO] verify cookie (632)
2020-01-24 18:46:21 [INFO] user login success (1342212601): 3602000
2020-01-24 19:14:52 [WARN] ID#2 - The response status is not successful. status=403(22) FILE="C:/Users/81472/Downloads/大逆转裁判 汉化版.cci" SIZE="691965952"
2020-01-24 19:14:54 [WARN] ID#2 - The response status is not successful. status=403(22) FILE="C:/Users/81472/Downloads/大逆转裁判 汉化版.cci" SIZE="691965952"
2020-01-24 19:14:57 [WARN] ID#2 - The response status is not successful. status=403(22) FILE="C:/Users/81472/Downloads/大逆转裁判 汉化版.cci" SIZE="691965952"
2020-01-24 19:15:54 [WARN] ID#3 - The response status is not successful. status=403(22) FILE="C:/Users/81472/Downloads/3DS大逆转裁判2_ACG汉化组.3ds" SIZE="1073741824"
2020-01-24 19:15:57 [WARN] ID#3 - The response status is not successful. status=403(22) FILE="C:/Users/81472/Downloads/3DS大逆转裁判2_ACG汉化组.3ds" SIZE="1073741824"
2020-01-24 19:16:00 [WARN] ID#3 - The response status is not successful. status=403(22) FILE="C:/Users/81472/Downloads/3DS大逆转裁判2_ACG汉化组.3ds" SIZE="1073741824"
2020-01-24 19:16:03 [WARN] ID#4 - The response status is not successful. status=403(22) FILE="C:/Users/81472/Downloads/3DS大逆转裁判_ACG汉化组.rar" SIZE="1063165565"
2020-01-24 19:16:05 [WARN] ID#4 - The response status is not successful. status=403(22) FILE="C:/Users/81472/Downloads/3DS大逆转裁判_ACG汉化组.rar" SIZE="1063165565"
2020-01-24 19:16:08 [WARN] ID#4 - The response status is not successful. status=403(22) FILE="C:/Users/81472/Downloads/3DS大逆转裁判_ACG汉化组.rar" SIZE="1063165565"
2020-01-24 19:16:18 [WARN] ID#5 - The response status is not successful. status=403(22) FILE="C:/Users/81472/Downloads/3DS雷顿教授VS逆转裁判_ACG汉化组.3ds" SIZE="1073741824"
2020-01-24 19:16:20 [WARN] ID#5 - The response status is not successful. status=403(22) FILE="C:/Users/81472/Downloads/3DS雷顿教授VS逆转裁判_ACG汉化组.3ds" SIZE="1073741824"
2020-01-24 19:16:23 [WARN] ID#5 - The response status is not successful. status=403(22) FILE="C:/Users/81472/Downloads/3DS雷顿教授VS逆转裁判_ACG汉化组.3ds" SIZE="1073741824"
2020-01-24 19:33:13 [WARN] ID#4 - The response status is not successful. status=403(22) FILE="C:/Users/81472/Downloads/3DS大逆转裁判_ACG汉化组.rar" SIZE="1063165565"
2020-01-24 19:33:15 [WARN] ID#4 - The response status is not successful. status=403(22) FILE="C:/Users/81472/Downloads/3DS大逆转裁判_ACG汉化组.rar" SIZE="1063165565"
2020-01-24 19:33:18 [WARN] ID#4 - The response status is not successful. status=403(22) FILE="C:/Users/81472/Downloads/3DS大逆转裁判_ACG汉化组.rar" SIZE="1063165565"
2020-01-24 19:33:22 [WARN] ID#2 - The response status is not successful. status=403(22) FILE="C:/Users/81472/Downloads/大逆转裁判 汉化版.cci" SIZE="691965952"
2020-01-24 19:33:23 [WARN] ID#2 - 获取下载链接失败(2)(-1) FILE="C:/Users/81472/Downloads/大逆转裁判 汉化版.cci" SIZE="691965952"
2020-01-24 19:33:25 [WARN] ID#2 - The response status is not successful. status=403(22) FILE="C:/Users/81472/Downloads/大逆转裁判 汉化版.cci" SIZE="691965952"
2020-01-24 19:34:46 [WARN] ID#2 - 获取下载链接失败(2)(-1) FILE="C:/Users/81472/Downloads/大逆转裁判 汉化版.cci" SIZE="691965952"
2020-01-24 19:42:40 [INFO] close main window
2020-01-24 19:42:40 [WARN] aria2 websocket connection closed (127.0.0.1:36974), code: 1000 (Normal close), reason: aria2 shutdown
2020-01-24 19:42:41 [INFO] websocket client stop
2020-01-24 19:42:42 [INFO] exit
